android/app/build/intermediates/manifest_merge_blame_file/debug/processDebugMainManifest/manifest-merger-blame-debug-report.txt
1<?xml version="1.0" encoding="utf-8"?>
2<manifest xmlns:android="http://schemas.android.com/apk/res/android"
3    package="com.lifeagent.app"
4    android:versionCode="1"
5    android:versionName="1.0" >
6
7    <uses-sdk
8        android:minSdkVersion="24"
9        android:targetSdkVersion="36" />
10
11    <uses-permission android:name="android.permission.WAKE_LOCK" />
11-->src/main/AndroidManifest.xml:3:5-68
11-->src/main/AndroidManifest.xml:3:22-65
12    <uses-permission android:name="android.permission.VIBRATE" />
12-->src/main/AndroidManifest.xml:4:5-66
12-->src/main/AndroidManifest.xml:4:22-63
13
14    <!-- Permissions -->
15    <uses-permission android:name="android.permission.INTERNET" />
15-->src/main/AndroidManifest.xml:53:5-67
15-->src/main/AndroidManifest.xml:53:22-64
16    <uses-permission android:name="android.permission.ACCESS_NETWORK_STATE" />
16-->src/main/AndroidManifest.xml:54:5-79
16-->src/main/AndroidManifest.xml:54:22-76
17    <!-- Local Notifications Permissions -->
18    <uses-permission android:name="android.permission.SCHEDULE_EXACT_ALARM" />
18-->src/main/AndroidManifest.xml:56:5-79
18-->src/main/AndroidManifest.xml:56:22-76
19    <uses-permission android:name="android.permission.USE_EXACT_ALARM" />
19-->src/main/AndroidManifest.xml:57:5-74
19-->src/main/AndroidManifest.xml:57:22-71
20    <uses-permission android:name="android.permission.POST_NOTIFICATIONS" />
20-->src/main/AndroidManifest.xml:58:5-77
20-->src/main/AndroidManifest.xml:58:22-74
21    <uses-permission android:name="android.permission.RECEIVE_BOOT_COMPLETED" />
21-->src/main/AndroidManifest.xml:59:5-81
21-->src/main/AndroidManifest.xml:59:22-78
22    <!--
23         Required to ask user to whitelist app from battery optimization.
24         Without this, OEMs (Samsung, Xiaomi, OPPO etc) kill alarms when screen locks.
25    -->
26    <uses-permission android:name="android.permission.REQUEST_IGNORE_BATTERY_OPTIMIZATIONS" />
26-->src/main/AndroidManifest.xml:62:5-95
26-->src/main/AndroidManifest.xml:62:22-92
27
28    <permission
28-->[androidx.core:core:1.17.0] AndroidManifest.xml:22:5-24:47
29        android:name="com.lifeagent.app.DYNAMIC_RECEIVER_NOT_EXPORTED_PERMISSION"
29-->[androidx.core:core:1.17.0] AndroidManifest.xml:23:9-81
30        android:protectionLevel="signature" />
30-->[androidx.core:core:1.17.0] AndroidManifest.xml:24:9-44
31
32    <uses-permission android:name="com.lifeagent.app.DYNAMIC_RECEIVER_NOT_EXPORTED_PERMISSION" />
32-->[androidx.core:core:1.17.0] AndroidManifest.xml:26:5-97
32-->[androidx.core:core:1.17.0] AndroidManifest.xml:26:22-94
33
34    <application
34-->src/main/AndroidManifest.xml:5:5-50:19
35        android:allowBackup="true"
35-->src/main/AndroidManifest.xml:6:9-35
36        android:appComponentFactory="androidx.core.app.CoreComponentFactory"
36-->[androidx.core:core:1.17.0] AndroidManifest.xml:28:18-86
37        android:debuggable="true"
38        android:extractNativeLibs="false"
39        android:icon="@mipmap/ic_launcher"
39-->src/main/AndroidManifest.xml:8:9-43
40        android:label="@string/app_name"
40-->src/main/AndroidManifest.xml:9:9-41
41        android:roundIcon="@mipmap/ic_launcher_round"
41-->src/main/AndroidManifest.xml:10:9-54
42        android:supportsRtl="true"
42-->src/main/AndroidManifest.xml:11:9-35
43        android:theme="@style/AppTheme"
43-->src/main/AndroidManifest.xml:12:9-40
44        android:usesCleartextTraffic="true" >
44-->src/main/AndroidManifest.xml:7:9-44
45        <activity
45-->src/main/AndroidManifest.xml:14:9-27:20
46            android:name="com.lifeagent.app.MainActivity"
46-->src/main/AndroidManifest.xml:16:13-41
47            android:configChanges="orientation|keyboardHidden|keyboard|screenSize|locale|smallestScreenSize|screenLayout|uiMode|navigation|density"
47-->src/main/AndroidManifest.xml:15:13-148
48            android:exported="true"
48-->src/main/AndroidManifest.xml:20:13-36
49            android:label="@string/title_activity_main"
49-->src/main/AndroidManifest.xml:17:13-56
50            android:launchMode="singleTask"
50-->src/main/AndroidManifest.xml:19:13-44
51            android:theme="@style/AppTheme.NoActionBarLaunch" >
51-->src/main/AndroidManifest.xml:18:13-62
52            <intent-filter>
52-->src/main/AndroidManifest.xml:22:13-25:29
53                <action android:name="android.intent.action.MAIN" />
53-->src/main/AndroidManifest.xml:23:17-69
53-->src/main/AndroidManifest.xml:23:25-66
54
55                <category android:name="android.intent.category.LAUNCHER" />
55-->src/main/AndroidManifest.xml:24:17-77
55-->src/main/AndroidManifest.xml:24:27-74
56            </intent-filter>
57        </activity>
58
59        <provider
60            android:name="androidx.core.content.FileProvider"
60-->src/main/AndroidManifest.xml:30:13-62
61            android:authorities="com.lifeagent.app.fileprovider"
61-->src/main/AndroidManifest.xml:31:13-64
62            android:exported="false"
62-->src/main/AndroidManifest.xml:32:13-37
63            android:grantUriPermissions="true" >
63-->src/main/AndroidManifest.xml:33:13-47
64            <meta-data
64-->src/main/AndroidManifest.xml:34:13-36:64
65                android:name="android.support.FILE_PROVIDER_PATHS"
65-->src/main/AndroidManifest.xml:35:17-67
66                android:resource="@xml/file_paths" />
66-->src/main/AndroidManifest.xml:36:17-51
67        </provider>
68        <!-- exported=true required so Android system can deliver alarm broadcasts -->
69        <receiver
69-->src/main/AndroidManifest.xml:39:9-84
70            android:name="com.lifeagent.app.LifeAgentAlarmReceiver"
70-->src/main/AndroidManifest.xml:39:19-57
71            android:exported="true" />
71-->src/main/AndroidManifest.xml:39:58-81
72        <receiver
72-->src/main/AndroidManifest.xml:40:9-80
73            android:name="com.lifeagent.app.WaterAlarmReceiver"
73-->src/main/AndroidManifest.xml:40:19-53
74            android:exported="true" />
74-->src/main/AndroidManifest.xml:40:54-77
75        <receiver
75-->src/main/AndroidManifest.xml:41:9-80
76            android:name="com.lifeagent.app.HabitAlarmReceiver"
76-->src/main/AndroidManifest.xml:41:19-53
77            android:exported="true" />
77-->src/main/AndroidManifest.xml:41:54-77
78        <!-- exported=true required so the system BOOT_COMPLETED broadcast is delivered -->
79        <receiver
79-->src/main/AndroidManifest.xml:43:9-49:20
80            android:name="com.lifeagent.app.ReminderBootReceiver"
80-->src/main/AndroidManifest.xml:43:19-55
81            android:exported="true" >
81-->src/main/AndroidManifest.xml:43:56-79
82            <intent-filter>
82-->src/main/AndroidManifest.xml:44:13-48:29
83                <action android:name="android.intent.action.BOOT_COMPLETED" />
83-->src/main/AndroidManifest.xml:45:17-79
83-->src/main/AndroidManifest.xml:45:25-76
84                <action android:name="android.intent.action.MY_PACKAGE_REPLACED" />
84-->src/main/AndroidManifest.xml:46:17-84
84-->src/main/AndroidManifest.xml:46:25-81
85                <action android:name="android.intent.action.LOCKED_BOOT_COMPLETED" />
85-->src/main/AndroidManifest.xml:47:17-86
85-->src/main/AndroidManifest.xml:47:25-83
86            </intent-filter>
87        </receiver>
88        <receiver android:name="com.capacitorjs.plugins.localnotifications.TimedNotificationPublisher" />
88-->[:capacitor-local-notifications] AndroidManifest.xml:12:9-106
88-->[:capacitor-local-notifications] AndroidManifest.xml:12:19-103
89        <receiver android:name="com.capacitorjs.plugins.localnotifications.NotificationDismissReceiver" />
89-->[:capacitor-local-notifications] AndroidManifest.xml:13:9-107
89-->[:capacitor-local-notifications] AndroidManifest.xml:13:19-104
90        <receiver
90-->[:capacitor-local-notifications] AndroidManifest.xml:14:9-23:20
91            android:name="com.capacitorjs.plugins.localnotifications.LocalNotificationRestoreReceiver"
91-->[:capacitor-local-notifications] AndroidManifest.xml:15:13-103
92            android:directBootAware="true"
92-->[:capacitor-local-notifications] AndroidManifest.xml:16:13-43
93            android:exported="false" >
93-->[:capacitor-local-notifications] AndroidManifest.xml:17:13-37
94            <intent-filter>
94-->[:capacitor-local-notifications] AndroidManifest.xml:18:13-22:29
95                <action android:name="android.intent.action.LOCKED_BOOT_COMPLETED" />
95-->src/main/AndroidManifest.xml:47:17-86
95-->src/main/AndroidManifest.xml:47:25-83
96                <action android:name="android.intent.action.BOOT_COMPLETED" />
96-->src/main/AndroidManifest.xml:45:17-79
96-->src/main/AndroidManifest.xml:45:25-76
97                <action android:name="android.intent.action.QUICKBOOT_POWERON" />
97-->[:capacitor-local-notifications] AndroidManifest.xml:21:17-82
97-->[:capacitor-local-notifications] AndroidManifest.xml:21:25-79
98            </intent-filter>
99        </receiver>
100
101        <provider
101-->[androidx.emoji2:emoji2:1.3.0] AndroidManifest.xml:24:9-32:20
102            android:name="androidx.startup.InitializationProvider"
102-->[androidx.emoji2:emoji2:1.3.0] AndroidManifest.xml:25:13-67
103            android:authorities="com.lifeagent.app.androidx-startup"
103-->[androidx.emoji2:emoji2:1.3.0] AndroidManifest.xml:26:13-68
104            android:exported="false" >
104-->[androidx.emoji2:emoji2:1.3.0] AndroidManifest.xml:27:13-37
105            <meta-data
105-->[androidx.emoji2:emoji2:1.3.0] AndroidManifest.xml:29:13-31:52
106                android:name="androidx.emoji2.text.EmojiCompatInitializer"
106-->[androidx.emoji2:emoji2:1.3.0] AndroidManifest.xml:30:17-75
107                android:value="androidx.startup" />
107-->[androidx.emoji2:emoji2:1.3.0] AndroidManifest.xml:31:17-49
108            <meta-data
108-->[androidx.lifecycle:lifecycle-process:2.6.2] AndroidManifest.xml:29:13-31:52
109                android:name="androidx.lifecycle.ProcessLifecycleInitializer"
109-->[androidx.lifecycle:lifecycle-process:2.6.2] AndroidManifest.xml:30:17-78
110                android:value="androidx.startup" />
110-->[androidx.lifecycle:lifecycle-process:2.6.2] AndroidManifest.xml:31:17-49
111            <meta-data
111-->[androidx.profileinstaller:profileinstaller:1.4.0] AndroidManifest.xml:29:13-31:52
112                android:name="androidx.profileinstaller.ProfileInstallerInitializer"
112-->[androidx.profileinstaller:profileinstaller:1.4.0] AndroidManifest.xml:30:17-85
113                android:value="androidx.startup" />
113-->[androidx.profileinstaller:profileinstaller:1.4.0] AndroidManifest.xml:31:17-49
114        </provider>
115
116        <receiver
116-->[androidx.profileinstaller:profileinstaller:1.4.0] AndroidManifest.xml:34:9-52:20
117            android:name="androidx.profileinstaller.ProfileInstallReceiver"
117-->[androidx.profileinstaller:profileinstaller:1.4.0] AndroidManifest.xml:35:13-76
118            android:directBootAware="false"
118-->[androidx.profileinstaller:profileinstaller:1.4.0] AndroidManifest.xml:36:13-44
119            android:enabled="true"
119-->[androidx.profileinstaller:profileinstaller:1.4.0] AndroidManifest.xml:37:13-35
120            android:exported="true"
120-->[androidx.profileinstaller:profileinstaller:1.4.0] AndroidManifest.xml:38:13-36
121            android:permission="android.permission.DUMP" >
121-->[androidx.profileinstaller:profileinstaller:1.4.0] AndroidManifest.xml:39:13-57
122            <intent-filter>
122-->[androidx.profileinstaller:profileinstaller:1.4.0] AndroidManifest.xml:40:13-42:29
123                <action android:name="androidx.profileinstaller.action.INSTALL_PROFILE" />
123-->[androidx.profileinstaller:profileinstaller:1.4.0] AndroidManifest.xml:41:17-91
123-->[androidx.profileinstaller:profileinstaller:1.4.0] AndroidManifest.xml:41:25-88
124            </intent-filter>
125            <intent-filter>
125-->[androidx.profileinstaller:profileinstaller:1.4.0] AndroidManifest.xml:43:13-45:29
126                <action android:name="androidx.profileinstaller.action.SKIP_FILE" />
126-->[androidx.profileinstaller:profileinstaller:1.4.0] AndroidManifest.xml:44:17-85
126-->[androidx.profileinstaller:profileinstaller:1.4.0] AndroidManifest.xml:44:25-82
127            </intent-filter>
128            <intent-filter>
128-->[androidx.profileinstaller:profileinstaller:1.4.0] AndroidManifest.xml:46:13-48:29
129                <action android:name="androidx.profileinstaller.action.SAVE_PROFILE" />
129-->[androidx.profileinstaller:profileinstaller:1.4.0] AndroidManifest.xml:47:17-88
129-->[androidx.profileinstaller:profileinstaller:1.4.0] AndroidManifest.xml:47:25-85
130            </intent-filter>
131            <intent-filter>
131-->[androidx.profileinstaller:profileinstaller:1.4.0] AndroidManifest.xml:49:13-51:29
132                <action android:name="androidx.profileinstaller.action.BENCHMARK_OPERATION" />
132-->[androidx.profileinstaller:profileinstaller:1.4.0] AndroidManifest.xml:50:17-95
132-->[androidx.profileinstaller:profileinstaller:1.4.0] AndroidManifest.xml:50:25-92
133            </intent-filter>
134        </receiver>
135    </application>
136
137</manifest>